<?xml version="1.0" encoding="UTF-8"?>
<testsuite xmlns:xsi="http://www.w3.org/2001/XMLSchema-instance" xsi:noNamespaceSchemaLocation="https://maven.apache.org/surefire/maven-surefire-plugin/xsd/surefire-test-report-3.0.xsd" version="3.0" name="TestSuite" time="4.238" tests="3" errors="0" skipped="0" failures="2">
  <properties>
    <property name="java.specification.version" value="22"/>
    <property name="sun.jnu.encoding" value="UTF-8"/>
    <property name="java.class.path" value="/Users/pradnya/eclipse-workspace/piku/target/test-classes:/Users/pradnya/eclipse-workspace/piku/target/classes:/Users/pradnya/.m2/repository/io/rest-assured/rest-assured/5.3.0/rest-assured-5.3.0.jar:/Users/pradnya/.m2/repository/org/apache/groovy/groovy/4.0.6/groovy-4.0.6.jar:/Users/pradnya/.m2/repository/org/apache/groovy/groovy-xml/4.0.6/groovy-xml-4.0.6.jar:/Users/pradnya/.m2/repository/org/apache/httpcomponents/httpclient/4.5.13/httpclient-4.5.13.jar:/Users/pradnya/.m2/repository/org/apache/httpcomponents/httpcore/4.4.13/httpcore-4.4.13.jar:/Users/pradnya/.m2/repository/commons-logging/commons-logging/1.2/commons-logging-1.2.jar:/Users/pradnya/.m2/repository/commons-codec/commons-codec/1.11/commons-codec-1.11.jar:/Users/pradnya/.m2/repository/org/apache/httpcomponents/httpmime/4.5.13/httpmime-4.5.13.jar:/Users/pradnya/.m2/repository/org/ccil/cowan/tagsoup/tagsoup/1.2.1/tagsoup-1.2.1.jar:/Users/pradnya/.m2/repository/io/rest-assured/json-path/5.3.0/json-path-5.3.0.jar:/Users/pradnya/.m2/repository/org/apache/groovy/groovy-json/4.0.6/groovy-json-4.0.6.jar:/Users/pradnya/.m2/repository/io/rest-assured/rest-assured-common/5.3.0/rest-assured-common-5.3.0.jar:/Users/pradnya/.m2/repository/io/rest-assured/xml-path/5.3.0/xml-path-5.3.0.jar:/Users/pradnya/.m2/repository/org/apache/commons/commons-lang3/3.11/commons-lang3-3.11.jar:/Users/pradnya/.m2/repository/org/hamcrest/hamcrest/2.2/hamcrest-2.2.jar:/Users/pradnya/.m2/repository/org/hamcrest/hamcrest-core/1.3/hamcrest-core-1.3.jar:/Users/pradnya/.m2/repository/org/testng/testng/7.7.1/testng-7.7.1.jar:/Users/pradnya/.m2/repository/org/slf4j/slf4j-api/1.7.36/slf4j-api-1.7.36.jar:/Users/pradnya/.m2/repository/com/beust/jcommander/1.82/jcommander-1.82.jar:/Users/pradnya/.m2/repository/org/webjars/jquery/3.6.1/jquery-3.6.1.jar:/Users/pradnya/.m2/repository/com/fasterxml/jackson/core/jackson-databind/2.13.0/jackson-databind-2.13.0.jar:/Users/pradnya/.m2/repository/com/fasterxml/jackson/core/jackson-annotations/2.13.0/jackson-annotations-2.13.0.jar:/Users/pradnya/.m2/repository/org/projectlombok/lombok/1.18.30/lombok-1.18.30.jar:/Users/pradnya/.m2/repository/com/fasterxml/jackson/core/jackson-core/2.17.2/jackson-core-2.17.2.jar:/Users/pradnya/.m2/repository/io/qameta/allure/allure-testng/2.24.0/allure-testng-2.24.0.jar:/Users/pradnya/.m2/repository/io/qameta/allure/allure-java-commons/2.24.0/allure-java-commons-2.24.0.jar:/Users/pradnya/.m2/repository/io/qameta/allure/allure-model/2.24.0/allure-model-2.24.0.jar:/Users/pradnya/.m2/repository/io/qameta/allure/allure-test-filter/2.24.0/allure-test-filter-2.24.0.jar:"/>
    <property name="java.vm.vendor" value="Eclipse Adoptium"/>
    <property name="sun.arch.data.model" value="64"/>
    <property name="java.vendor.url" value="https://adoptium.net/"/>
    <property name="user.timezone" value="Asia/Kolkata"/>
    <property name="os.name" value="Mac OS X"/>
    <property name="java.vm.specification.version" value="22"/>
    <property name="sun.java.launcher" value="SUN_STANDARD"/>
    <property name="user.country" value="IN"/>
    <property name="sun.boot.library.path" value="/Users/pradnya/.p2/pool/plugins/org.eclipse.justj.openjdk.hotspot.jre.full.macosx.x86_64_22.0.2.v20240802-1626/jre/lib"/>
    <property name="sun.java.command" value="/Users/pradnya/eclipse-workspace/piku/target/surefire/surefirebooter113750306169837515.jar /Users/pradnya/eclipse-workspace/piku/target/surefire 2024-10-22T21-58-26_779-jvmRun1 surefire16107802236306320690tmp surefire_04501998734091439826tmp"/>
    <property name="http.nonProxyHosts" value="local|*.local|169.254/16|*.169.254/16"/>
    <property name="jdk.debug" value="release"/>
    <property name="surefire.test.class.path" value="/Users/pradnya/eclipse-workspace/piku/target/test-classes:/Users/pradnya/eclipse-workspace/piku/target/classes:/Users/pradnya/.m2/repository/io/rest-assured/rest-assured/5.3.0/rest-assured-5.3.0.jar:/Users/pradnya/.m2/repository/org/apache/groovy/groovy/4.0.6/groovy-4.0.6.jar:/Users/pradnya/.m2/repository/org/apache/groovy/groovy-xml/4.0.6/groovy-xml-4.0.6.jar:/Users/pradnya/.m2/repository/org/apache/httpcomponents/httpclient/4.5.13/httpclient-4.5.13.jar:/Users/pradnya/.m2/repository/org/apache/httpcomponents/httpcore/4.4.13/httpcore-4.4.13.jar:/Users/pradnya/.m2/repository/commons-logging/commons-logging/1.2/commons-logging-1.2.jar:/Users/pradnya/.m2/repository/commons-codec/commons-codec/1.11/commons-codec-1.11.jar:/Users/pradnya/.m2/repository/org/apache/httpcomponents/httpmime/4.5.13/httpmime-4.5.13.jar:/Users/pradnya/.m2/repository/org/ccil/cowan/tagsoup/tagsoup/1.2.1/tagsoup-1.2.1.jar:/Users/pradnya/.m2/repository/io/rest-assured/json-path/5.3.0/json-path-5.3.0.jar:/Users/pradnya/.m2/repository/org/apache/groovy/groovy-json/4.0.6/groovy-json-4.0.6.jar:/Users/pradnya/.m2/repository/io/rest-assured/rest-assured-common/5.3.0/rest-assured-common-5.3.0.jar:/Users/pradnya/.m2/repository/io/rest-assured/xml-path/5.3.0/xml-path-5.3.0.jar:/Users/pradnya/.m2/repository/org/apache/commons/commons-lang3/3.11/commons-lang3-3.11.jar:/Users/pradnya/.m2/repository/org/hamcrest/hamcrest/2.2/hamcrest-2.2.jar:/Users/pradnya/.m2/repository/org/hamcrest/hamcrest-core/1.3/hamcrest-core-1.3.jar:/Users/pradnya/.m2/repository/org/testng/testng/7.7.1/testng-7.7.1.jar:/Users/pradnya/.m2/repository/org/slf4j/slf4j-api/1.7.36/slf4j-api-1.7.36.jar:/Users/pradnya/.m2/repository/com/beust/jcommander/1.82/jcommander-1.82.jar:/Users/pradnya/.m2/repository/org/webjars/jquery/3.6.1/jquery-3.6.1.jar:/Users/pradnya/.m2/repository/com/fasterxml/jackson/core/jackson-databind/2.13.0/jackson-databind-2.13.0.jar:/Users/pradnya/.m2/repository/com/fasterxml/jackson/core/jackson-annotations/2.13.0/jackson-annotations-2.13.0.jar:/Users/pradnya/.m2/repository/org/projectlombok/lombok/1.18.30/lombok-1.18.30.jar:/Users/pradnya/.m2/repository/com/fasterxml/jackson/core/jackson-core/2.17.2/jackson-core-2.17.2.jar:/Users/pradnya/.m2/repository/io/qameta/allure/allure-testng/2.24.0/allure-testng-2.24.0.jar:/Users/pradnya/.m2/repository/io/qameta/allure/allure-java-commons/2.24.0/allure-java-commons-2.24.0.jar:/Users/pradnya/.m2/repository/io/qameta/allure/allure-model/2.24.0/allure-model-2.24.0.jar:/Users/pradnya/.m2/repository/io/qameta/allure/allure-test-filter/2.24.0/allure-test-filter-2.24.0.jar:"/>
    <property name="sun.cpu.endian" value="little"/>
    <property name="user.home" value="/Users/pradnya"/>
    <property name="user.language" value="en"/>
    <property name="java.specification.vendor" value="Oracle Corporation"/>
    <property name="java.version.date" value="2024-07-16"/>
    <property name="java.home" value="/Users/pradnya/.p2/pool/plugins/org.eclipse.justj.openjdk.hotspot.jre.full.macosx.x86_64_22.0.2.v20240802-1626/jre"/>
    <property name="file.separator" value="/"/>
    <property name="basedir" value="/Users/pradnya/eclipse-workspace/piku"/>
    <property name="style.color" value="always"/>
    <property name="java.vm.compressedOopsMode" value="Zero based"/>
    <property name="line.separator" value="&#10;"/>
    <property name="java.vm.specification.vendor" value="Oracle Corporation"/>
    <property name="java.specification.name" value="Java Platform API Specification"/>
    <property name="apple.awt.application.name" value="ForkedBooter"/>
    <property name="surefire.real.class.path" value="/Users/pradnya/eclipse-workspace/piku/target/surefire/surefirebooter113750306169837515.jar"/>
    <property name="sun.management.compiler" value="HotSpot 64-Bit Tiered Compilers"/>
    <property name="ftp.nonProxyHosts" value="local|*.local|169.254/16|*.169.254/16"/>
    <property name="java.runtime.version" value="22.0.2+9"/>
    <property name="user.name" value="pradnya"/>
    <property name="stdout.encoding" value="UTF-8"/>
    <property name="path.separator" value=":"/>
    <property name="os.version" value="13.5"/>
    <property name="java.runtime.name" value="OpenJDK Runtime Environment"/>
    <property name="file.encoding" value="UTF-8"/>
    <property name="java.vm.name" value="OpenJDK 64-Bit Server VM"/>
    <property name="java.vendor.version" value="Temurin-22.0.2+9"/>
    <property name="localRepository" value="/Users/pradnya/.m2/repository"/>
    <property name="java.vendor.url.bug" value="https://github.com/adoptium/adoptium-support/issues"/>
    <property name="java.io.tmpdir" value="/var/folders/j1/9qvjc5qj17g5m7y1c5_0hvjh0000gn/T/"/>
    <property name="java.version" value="22.0.2"/>
    <property name="user.dir" value="/Users/pradnya/eclipse-workspace/piku"/>
    <property name="os.arch" value="x86_64"/>
    <property name="java.vm.specification.name" value="Java Virtual Machine Specification"/>
    <property name="native.encoding" value="UTF-8"/>
    <property name="java.library.path" value="/Users/pradnya/Library/Java/Extensions:/Library/Java/Extensions:/Network/Library/Java/Extensions:/System/Library/Java/Extensions:/usr/lib/java:."/>
    <property name="java.vm.info" value="mixed mode"/>
    <property name="stderr.encoding" value="UTF-8"/>
    <property name="java.vendor" value="Eclipse Adoptium"/>
    <property name="java.vm.version" value="22.0.2+9"/>
    <property name="sun.io.unicode.encoding" value="UnicodeBig"/>
    <property name="socksNonProxyHosts" value="local|*.local|169.254/16|*.169.254/16"/>
    <property name="java.class.version" value="66.0"/>
  </properties>
  <testcase name="shouldCreateNewUserSuccessfully" classname="piku.SignUPTest" time="0.193">
    <failure message="Unresolved compilation problem: &#10;	TestDataBuild cannot be resolved&#10;" type="java.lang.Error"><![CDATA[java.lang.Error: 
Unresolved compilation problem: 
	TestDataBuild cannot be resolved

	at piku.SignUPTest.shouldCreateNewUserSuccessfully(SignUPTest.java:26)
]]></failure>
    <system-out><![CDATA[https://www.apicademy.dev/
https://www.apicademy.dev/
]]></system-out>
    <system-err><![CDATA[SLF4J: Failed to load class "org.slf4j.impl.StaticLoggerBinder".
SLF4J: Defaulting to no-operation (NOP) logger implementation
SLF4J: See http://www.slf4j.org/codes.html#StaticLoggerBinder for further details.
]]></system-err>
  </testcase>
  <testcase name="verifySuccessfulLoginWithValidCredentials" classname="piku.LoginAPI" time="0.007">
    <failure message="Unresolved compilation problem: &#10;	TestDataBuild cannot be resolved&#10;" type="java.lang.Error"><![CDATA[java.lang.Error: 
Unresolved compilation problem: 
	TestDataBuild cannot be resolved

	at piku.LoginAPI.verifySuccessfulLoginWithValidCredentials(LoginAPI.java:27)
]]></failure>
    <system-out><![CDATA[https://www.apicademy.dev/
]]></system-out>
  </testcase>
  <testcase name="shouldReturnOKForHealthCheck" classname="piku.HealthCheck" time="2.226"/>
</testsuite>