<?xml version="1.0" encoding="UTF-8"?>
<!-- Generated by org.testng.reporters.JUnitReportReporter -->
<testsuite hostname="Pradnyas-MacBook-Air.local" failures="0" tests="1" name="piku_mau.SignUPTest" time="3.759" errors="0" timestamp="2024-11-05T18:23:13 IST" skipped="0">
  <testcase classname="piku_mau.SignUPTest" name="shouldCreateNewUserSuccessfully" time="3.759"/>
  <system-out/>
</testsuite> <!-- piku_mau.SignUPTest -->
