<?xml version="1.0" encoding="UTF-8"?>
<!-- Generated by org.testng.reporters.JUnitReportReporter -->
<testsuite hostname="Pradnyas-MacBook-Air.local" failures="0" tests="1" name="piku.HealthCheck" time="2.414" errors="0" timestamp="2024-10-17T14:37:59 IST" skipped="0">
  <testcase classname="piku.HealthCheck" name="HealthCheck_verify" time="2.414"/>
  <system-out/>
</testsuite> <!-- piku.HealthCheck -->
