<?xml version="1.0" encoding="UTF-8"?>
<!-- Generated by org.testng.reporters.JUnitReportReporter -->
<testsuite hostname="Pradnyas-MacBook-Air.local" failures="0" tests="1" name="piku.LoginAPI" time="5.698" errors="0" timestamp="2024-10-22T22:39:46 IST" skipped="0">
  <testcase classname="piku.LoginAPI" name="verifySuccessfulLoginWithValidCredentials" time="5.698"/>
  <system-out/>
</testsuite> <!-- piku.LoginAPI -->
