<?xml version="1.0" encoding="UTF-8"?>
<!-- Generated by org.testng.reporters.JUnitReportReporter -->
<testsuite hostname="Pradnyas-MacBook-Air.local" failures="0" tests="1" name="piku.LoginAPI" time="4.855" errors="0" timestamp="2024-10-19T09:00:14 IST" skipped="0">
  <testcase classname="piku.LoginAPI" name="verifySuccessfulLoginWithValidCredentials" time="4.855"/>
  <system-out/>
</testsuite> <!-- piku.LoginAPI -->
