<?xml version="1.0" encoding="UTF-8"?>
<!-- Generated by org.testng.reporters.JUnitReportReporter -->
<testsuite hostname="Pradnyas-MacBook-Air.local" failures="0" tests="1" name="piku.SignUPTest" time="3.720" errors="0" timestamp="2024-10-22T17:38:01 IST" skipped="0">
  <testcase classname="piku.SignUPTest" name="shouldCreateNewUserSuccessfully" time="3.720"/>
  <system-out/>
</testsuite> <!-- piku.SignUPTest -->
