<?xml version="1.0" encoding="UTF-8"?>
<!-- Generated by org.testng.reporters.JUnitReportReporter -->
<testsuite hostname="Pradnyas-MacBook-Air.local" failures="0" tests="1" name="piku_mau.SignUPTest" time="4.398" errors="0" timestamp="2024-11-01T23:03:34 IST" skipped="0">
  <testcase classname="piku_mau.SignUPTest" name="shouldCreateNewUserSuccessfully" time="4.398"/>
  <system-out/>
</testsuite> <!-- piku_mau.SignUPTest -->
