<?xml version="1.0" encoding="UTF-8"?>
<!-- Generated by org.testng.reporters.JUnitReportReporter -->
<testsuite hostname="Pradnyas-MacBook-Air.local" failures="0" tests="1" name="piku_mau.HealthCheck" time="2.629" errors="0" timestamp="2024-10-30T15:10:26 IST" skipped="0">
  <testcase classname="piku_mau.HealthCheck" name="shouldReturnOKForHealthCheck" time="2.629"/>
  <system-out/>
</testsuite> <!-- piku_mau.HealthCheck -->
