<?xml version="1.0" encoding="UTF-8"?>
<!-- Generated by org.testng.reporters.JUnitReportReporter -->
<testsuite hostname="Pradnyas-MacBook-Air.local" failures="0" tests="1" name="piku.SignUPTest" time="3.356" errors="0" timestamp="2024-10-17T15:07:57 IST" skipped="0">
  <testcase classname="piku.SignUPTest" name="Verify_SignUPTest" time="3.356"/>
  <system-out/>
</testsuite> <!-- piku.SignUPTest -->
