<?xml version="1.0" encoding="UTF-8"?>
<!-- Generated by org.testng.reporters.JUnitReportReporter -->
<testsuite hostname="Pradnyas-MacBook-Air.local" failures="0" tests="1" name="piku_mau.CartCreation" time="7.450" errors="0" timestamp="2024-11-02T17:17:16 IST" skipped="0">
  <testcase classname="piku_mau.CartCreation" name="create_new_cart_for_user" time="7.450"/>
  <system-out/>
</testsuite> <!-- piku_mau.CartCreation -->
