<?xml version="1.0" encoding="UTF-8"?>
<!-- Generated by org.testng.reporters.JUnitReportReporter -->
<testsuite hostname="Pradnyas-MacBook-Air.local" failures="0" tests="1" name="piku_mau.MyApplication" time="0.063" errors="0" timestamp="2024-10-24T20:26:01 IST" skipped="0">
  <testcase classname="piku_mau.MyApplication" name="log" time="0.063"/>
  <system-out/>
</testsuite> <!-- piku_mau.MyApplication -->
