<?xml version="1.0" encoding="UTF-8"?>
<!-- Generated by org.testng.reporters.JUnitReportReporter -->
<testsuite hostname="Pradnyas-MacBook-Air.local" failures="0" tests="1" name="piku.SignUPTest" time="0.350" errors="1" timestamp="2024-10-22T16:47:02 IST" skipped="0">
  <testcase classname="piku.SignUPTest" name="shouldCreateNewUserSuccessfully" time="0.350">
    <error message="Cannot invoke &quot;com.fasterxml.jackson.databind.JsonNode.path(String)&quot; because &quot;utilities.EndpointConfig.jsonNode&quot; is null" type="java.lang.NullPointerException">
      <![CDATA[java.lang.NullPointerException: Cannot invoke "com.fasterxml.jackson.databind.JsonNode.path(String)" because "utilities.EndpointConfig.jsonNode" is null
at utilities.EndpointConfig.getEndpoint(EndpointConfig.java:26)
at clients.UserClient.createUser(UserClient.java:38)
at piku.SignUPTest.shouldCreateNewUserSuccessfully(SignUPTest.java:26)
at java.base/jdk.internal.reflect.DirectMethodHandleAccessor.invoke(DirectMethodHandleAccessor.java:103)
at java.base/java.lang.reflect.Method.invoke(Method.java:580)
at org.testng.internal.invokers.MethodInvocationHelper.invokeMethod(MethodInvocationHelper.java:139)
at org.testng.internal.invokers.TestInvoker.invokeMethod(TestInvoker.java:677)
at org.testng.internal.invokers.TestInvoker.invokeTestMethod(TestInvoker.java:221)
at org.testng.internal.invokers.MethodRunner.runInSequence(MethodRunner.java:50)
at org.testng.internal.invokers.TestInvoker$MethodInvocationAgent.invoke(TestInvoker.java:969)
at org.testng.internal.invokers.TestInvoker.invokeTestMethods(TestInvoker.java:194)
at org.testng.internal.invokers.TestMethodWorker.invokeTestMethods(TestMethodWorker.java:148)
at org.testng.internal.invokers.TestMethodWorker.run(TestMethodWorker.java:128)
at java.base/java.util.concurrent.ThreadPoolExecutor.runWorker(ThreadPoolExecutor.java:1144)
at java.base/java.util.concurrent.ThreadPoolExecutor$Worker.run(ThreadPoolExecutor.java:642)
at java.base/java.lang.Thread.run(Thread.java:1570)
]]>
    </error>
  </testcase> <!-- shouldCreateNewUserSuccessfully -->
  <system-out/>
</testsuite> <!-- piku.SignUPTest -->
