<?xml version="1.0" encoding="UTF-8"?>
<!-- Generated by org.testng.reporters.JUnitReportReporter -->
<testsuite hostname="Pradnyas-MacBook-Air.local" failures="0" tests="1" name="piku.HealthCheck" time="2.421" errors="0" timestamp="2024-10-22T21:58:31 IST" skipped="0">
  <testcase classname="piku.HealthCheck" name="shouldReturnOKForHealthCheck" time="2.421"/>
  <system-out/>
</testsuite> <!-- piku.HealthCheck -->
